0 info it worked if it ends with ok
1 verbose cli [ 'C:\\Program Files\\nodejs\\node.exe',
1 verbose cli   'C:\\Program Files\\nodejs\\node_modules\\npm\\bin\\npm-cli.js',
1 verbose cli   'install' ]
2 info using npm@2.14.7
3 info using node@v4.2.2
4 verbose readDependencies loading dependencies from C:\Users\tirwin\Documents\GitHub\notely\package.json
5 verbose install where, deps [ 'C:\\Users\\tirwin\\Documents\\GitHub\\notely',
5 verbose install   [ 'bower', 'http-server' ] ]
6 verbose install where, peers [ 'C:\\Users\\tirwin\\Documents\\GitHub\\notely', [] ]
7 verbose installManyTop reading for lifecycle C:\Users\tirwin\Documents\GitHub\notely\package.json
8 info preinstall NotelySeed@0.4.0
9 verbose installManyTop reading scoped package data from C:\Users\tirwin\Documents\GitHub\notely\node_modules\bower\package.json
10 verbose installManyTop reading scoped package data from C:\Users\tirwin\Documents\GitHub\notely\node_modules\http-server\package.json
11 info package.json http-server@0.6.1 No license field.
12 verbose readDependencies loading dependencies from C:\Users\tirwin\Documents\GitHub\notely\package.json
13 verbose targetResolver reading package data from C:\Users\tirwin\Documents\GitHub\notely\node_modules\bower\package.json
14 verbose targetResolver reading package data from C:\Users\tirwin\Documents\GitHub\notely\node_modules\http-server\package.json
15 verbose targetResolver reading package data from C:\Users\tirwin\Documents\GitHub\notely\node_modules\.bin\bower\package.json
16 verbose targetResolver reading package data from C:\Users\tirwin\Documents\GitHub\notely\node_modules\.bin\bower.cmd\package.json
17 verbose targetResolver reading package data from C:\Users\tirwin\Documents\GitHub\notely\node_modules\.bin\http-server\package.json
18 verbose targetResolver reading package data from C:\Users\tirwin\Documents\GitHub\notely\node_modules\.bin\http-server.cmd\package.json
19 verbose already installed skipping http-server@^0.6.1 C:\Users\tirwin\Documents\GitHub\notely
20 verbose already installed skipping bower@^1.3.1 C:\Users\tirwin\Documents\GitHub\notely
21 silly install resolved []
22 info build C:\Users\tirwin\Documents\GitHub\notely
23 info linkStuff NotelySeed@0.4.0
24 silly linkStuff NotelySeed@0.4.0 has C:\Users\tirwin\Documents\GitHub as its parent node_modules
25 verbose linkBins NotelySeed@0.4.0
26 verbose linkMans NotelySeed@0.4.0
27 verbose rebuildBundles NotelySeed@0.4.0
28 verbose rebuildBundles [ '.bin', 'bower', 'http-server' ]
29 info install NotelySeed@0.4.0
30 info postinstall NotelySeed@0.4.0
31 verbose unsafe-perm in lifecycle true
32 info NotelySeed@0.4.0 Failed to exec postinstall script
33 verbose stack Error: NotelySeed@0.4.0 postinstall: `bower install`
33 verbose stack Exit status 1
33 verbose stack     at EventEmitter.<anonymous> (C:\Program Files\nodejs\node_modules\npm\lib\utils\lifecycle.js:214:16)
33 verbose stack     at emitTwo (events.js:87:13)
33 verbose stack     at EventEmitter.emit (events.js:172:7)
33 verbose stack     at ChildProcess.<anonymous> (C:\Program Files\nodejs\node_modules\npm\lib\utils\spawn.js:24:14)
33 verbose stack     at emitTwo (events.js:87:13)
33 verbose stack     at ChildProcess.emit (events.js:172:7)
33 verbose stack     at maybeClose (internal/child_process.js:818:16)
33 verbose stack     at Process.ChildProcess._handle.onexit (internal/child_process.js:211:5)
34 verbose pkgid NotelySeed@0.4.0
35 verbose cwd C:\Users\tirwin\Documents\GitHub\notely
36 error Windows_NT 6.1.7601
37 error argv "C:\\Program Files\\nodejs\\node.exe" "C:\\Program Files\\nodejs\\node_modules\\npm\\bin\\npm-cli.js" "install"
38 error node v4.2.2
39 error npm  v2.14.7
40 error code ELIFECYCLE
41 error NotelySeed@0.4.0 postinstall: `bower install`
41 error Exit status 1
42 error Failed at the NotelySeed@0.4.0 postinstall script 'bower install'.
42 error This is most likely a problem with the NotelySeed package,
42 error not with npm itself.
42 error Tell the author that this fails on your system:
42 error     bower install
42 error You can get their info via:
42 error     npm owner ls NotelySeed
42 error There is likely additional logging output above.
43 verbose exit [ 1, true ]
